{
  "RSpec": {
    "coverage": {
      "/Users/diegolopes/RubymineProjects/DataDiffAnalyzer/spec/load_file_spec.rb": {
        "lines": [
          null,
          null,
          1,
          null,
          1,
          5,
          5,
          5,
          null,
          1,
          4,
          4,
          null,
          null,
          1,
          4,
          null,
          null,
          4,
          null,
          1,
          1,
          1,
          null,
          null,
          1,
          1,
          2,
          null,
          null,
          null,
          1,
          1,
          1,
          null,
          null,
          null,
          1,
          1,
          1,
          null,
          null,
          null
        ]
      },
      "/Users/diegolopes/RubymineProjects/DataDiffAnalyzer/spec/rails_helper.rb": {
        "lines": [
          null,
          null,
          null,
          1,
          1,
          1,
          null,
          1,
          1,
          null,
          null,
          null,
          null,
          null,
          null,
          null,
          null,
          null,
          null,
          null,
          null,
          null,
          null,
          null,
          null,
          null,
          null,
          null,
          null,
          1,
          null,
          0,
          null,
          1,
          null,
          1,
          null,
          null,
          null,
          null,
          1,
          null,
          null,
          null,
          null,
          null,
          null,
          null,
          null,
          null,
          null,
          null,
          null,
          null,
          null,
          null,
          null,
          null,
          1,
          null,
          null,
          1,
          null,
          null,
          null
        ]
      },
      "/Users/diegolopes/RubymineProjects/DataDiffAnalyzer/config/environment.rb": {
        "lines": [
          null,
          null,
          null,
          1,
          null,
          null,
          1
        ]
      },
      "/Users/diegolopes/RubymineProjects/DataDiffAnalyzer/config/application.rb": {
        "lines": [
          null,
          null,
          1,
          null,
          1,
          null,
          null,
          null,
          1,
          null,
          1,
          1,
          null,
          1,
          null,
          1,
          null,
          null,
          null,
          null,
          null,
          null,
          null,
          null,
          null,
          null
        ]
      },
      "/Users/diegolopes/RubymineProjects/DataDiffAnalyzer/config/boot.rb": {
        "lines": [
          null,
          null,
          1,
          null,
          1,
          1
        ]
      },
      "/Users/diegolopes/RubymineProjects/DataDiffAnalyzer/config/environments/test.rb": {
        "lines": [
          null,
          null,
          1,
          null,
          null,
          null,
          null,
          null,
          null,
          1,
          null,
          null,
          null,
          1,
          null,
          null,
          null,
          null,
          1,
          null,
          null,
          1,
          1,
          null,
          null,
          null,
          null,
          1,
          1,
          1,
          null,
          null,
          1,
          null,
          null,
          1,
          null,
          null,
          1,
          null,
          1,
          null,
          null,
          null,
          null,
          1,
          null,
          null,
          1,
          null,
          null,
          1,
          null,
          null,
          1,
          null,
          null,
          null,
          null,
          null,
          null,
          null
        ]
      },
      "/Users/diegolopes/RubymineProjects/DataDiffAnalyzer/config/initializers/assets.rb": {
        "lines": [
          null,
          null,
          null,
          null,
          null,
          1,
          null,
          null,
          null,
          null,
          null,
          null,
          null,
          null
        ]
      },
      "/Users/diegolopes/RubymineProjects/DataDiffAnalyzer/config/initializers/content_security_policy.rb": {
        "lines": [
          null,
          null,
          null,
          null,
          null,
          null,
          null,
          null,
          null,
          null,
          null,
          null,
          null,
          null,
          null,
          null,
          null,
          null,
          null,
          null,
          null,
          null,
          null,
          null,
          null,
          null,
          null
        ]
      },
      "/Users/diegolopes/RubymineProjects/DataDiffAnalyzer/config/initializers/filter_parameter_logging.rb": {
        "lines": [
          null,
          null,
          null,
          null,
          null,
          null,
          null,
          1,
          null,
          null
        ]
      },
      "/Users/diegolopes/RubymineProjects/DataDiffAnalyzer/config/initializers/inflections.rb": {
        "lines": [
          null,
          null,
          null,
          null,
          null,
          null,
          null,
          null,
          null,
          null,
          null,
          null,
          null,
          null,
          null,
          null,
          null,
          null
        ]
      },
      "/Users/diegolopes/RubymineProjects/DataDiffAnalyzer/config/initializers/permissions_policy.rb": {
        "lines": [
          null,
          null,
          null,
          null,
          null,
          null,
          null,
          null,
          null,
          null,
          null,
          null,
          null
        ]
      },
      "/Users/diegolopes/RubymineProjects/DataDiffAnalyzer/config/routes.rb": {
        "lines": [
          null,
          null,
          1,
          null,
          null,
          null,
          null,
          null
        ]
      },
      "/Users/diegolopes/RubymineProjects/DataDiffAnalyzer/app/helpers/application_helper.rb": {
        "lines": [
          null,
          null,
          1,
          null
        ]
      },
      "/Users/diegolopes/RubymineProjects/DataDiffAnalyzer/lib/load_file.rb": {
        "lines": [
          null,
          null,
          1,
          1,
          null,
          1,
          6,
          null,
          null,
          1,
          4,
          null,
          null,
          1,
          null,
          1,
          5,
          null,
          null,
          1,
          4,
          null,
          null
        ]
      },
      "/Users/diegolopes/RubymineProjects/DataDiffAnalyzer/spec/services/calculate_diff_spec.rb": {
        "lines": [
          null,
          null,
          1,
          null,
          1,
          3,
          null,
          1,
          null,
          1,
          2,
          null,
          1,
          1,
          null,
          null,
          null,
          1,
          2,
          null,
          1,
          1,
          null,
          null,
          null
        ]
      },
      "/Users/diegolopes/RubymineProjects/DataDiffAnalyzer/app/services/calculate_diff.rb": {
        "lines": [
          null,
          null,
          1,
          1,
          2,
          2,
          2,
          null,
          null,
          1,
          2,
          50,
          null,
          null,
          2,
          null,
          null,
          1,
          null,
          1,
          50,
          50,
          null,
          null,
          1,
          11,
          11,
          null,
          null,
          1,
          50,
          null,
          50,
          null,
          null
        ]
      },
      "/Users/diegolopes/RubymineProjects/DataDiffAnalyzer/spec/services/extract_file_info_spec.rb": {
        "lines": [
          null,
          null,
          1,
          null,
          1,
          9,
          1,
          5,
          null,
          null,
          null,
          null,
          null,
          9,
          null,
          1,
          8,
          null,
          null,
          1,
          3,
          null,
          1,
          null,
          1,
          null,
          null,
          null,
          null,
          1,
          null,
          null,
          1,
          1,
          1,
          null,
          null,
          null,
          null,
          null,
          1,
          1,
          null,
          null,
          null,
          1,
          1,
          1,
          null,
          null,
          null,
          null,
          null,
          1,
          1,
          null,
          2,
          null,
          null,
          null,
          1,
          1,
          1,
          null,
          null,
          null,
          null,
          null,
          1,
          1,
          null,
          2,
          null,
          null,
          null,
          null,
          1,
          4,
          null,
          1,
          1,
          null,
          null,
          1,
          1,
          null,
          null,
          1,
          1,
          null,
          null,
          null,
          null,
          1,
          2,
          null,
          1,
          1,
          1,
          null,
          null,
          null
        ]
      },
      "/Users/diegolopes/RubymineProjects/DataDiffAnalyzer/app/services/extract_file_info.rb": {
        "lines": [
          null,
          null,
          1,
          null,
          1,
          null,
          null,
          null,
          null,
          null,
          null,
          null,
          null,
          null,
          null,
          null,
          1,
          10,
          10,
          10,
          null,
          null,
          1,
          6,
          75,
          null,
          56,
          null,
          null,
          4,
          null,
          null,
          1,
          null,
          1,
          78,
          null,
          null,
          1,
          68,
          null,
          null,
          1,
          6,
          null,
          null,
          1,
          171,
          57,
          null,
          55,
          null,
          null,
          1,
          57,
          112,
          null,
          null,
          null,
          1,
          56,
          56,
          null,
          null
        ]
      }
    },
    "timestamp": 1725051521
  }
}
